Start testing: Dec 07 19:14 ?rodkowoeuropejski czas stand.
----------------------------------------------------------
1/1 Testing: ExampleTest
1/1 Test: ExampleTest
Command: "D:/Projects/Example/build/test/Debug/ExampleTest.exe"
Directory: D:/Projects/Example/build/test
"ExampleTest" start time: Dec 07 19:14 ?rodkowoeuropejski czas stand.
Output:
----------------------------------------------------------
Running main() from D:\Projects\Example\googletest\googletest\src\gtest_main.cc
[==========] Running 1 test from 1 test suite.
[----------] Global test environment set-up.
[----------] 1 test from DungeonTest
[ RUN      ] DungeonTest.MovesCounter
[       OK ] DungeonTest.MovesCounter (0 ms)
[----------] 1 test from DungeonTest (0 ms total)

[----------] Global test environment tear-down
[==========] 1 test from 1 test suite ran. (0 ms total)
[  PASSED  ] 1 test.
<end of output>
Test time =   0.59 sec
----------------------------------------------------------
Test Passed.
"ExampleTest" end time: Dec 07 19:14 ?rodkowoeuropejski czas stand.
"ExampleTest" time elapsed: 00:00:00
----------------------------------------------------------

End testing: Dec 07 19:14 ?rodkowoeuropejski czas stand.
