<?xml version="1.0" encoding="UTF-8"?>
<Site BuildName="(empty)"
	BuildStamp="20211207-1814-Experimental"
	Name="(empty)"
	Generator="ctest-3.21.4"
	CompilerName=""
	CompilerVersion=""
	OSName="Windows"
	Hostname="DESKTOP-B2T0LFS"
	OSRelease=" Professional"
	OSVersion=" (Build 19042)"
	OSPlatform="AMD64"
	Is64Bits="1"
	VendorString="GenuineIntel"
	VendorID="Intel Corporation"
	FamilyID="6"
	ModelID="14"
	ProcessorCacheSize="-1"
	NumberOfLogicalCPU="8"
	NumberOfPhysicalCPU="4"
	TotalVirtualMemory="26056"
	TotalPhysicalMemory="16264"
	LogicalProcessorsPerPhysical="2"
	ProcessorClockFrequency="2400"
	>
	<Testing>
		<StartDateTime>Dec 07 23:32 ?rodkowoeuropejski czas stand.</StartDateTime>
		<StartTestTime>1638916368</StartTestTime>
		<TestList>
			<Test>./test/Tests</Test>
		</TestList>
		<Test Status="passed">
			<Name>Tests</Name>
			<Path>./test</Path>
			<FullName>./test/Tests</FullName>
			<FullCommandLine>D:\Projects\Game\build\test\Debug\Tests.exe</FullCommandLine>
			<Results>
				<NamedMeasurement type="numeric/double" name="Execution Time">
					<Value>0.773311</Value>
				</NamedMeasurement>
				<NamedMeasurement type="numeric/double" name="Processors">
					<Value>1</Value>
				</NamedMeasurement>
				<NamedMeasurement type="text/string" name="Completion Status">
					<Value>Completed</Value>
				</NamedMeasurement>
				<NamedMeasurement type="text/string" name="Command Line">
					<Value>D:\Projects\Game\build\test\Debug\Tests.exe</Value>
				</NamedMeasurement>
				<NamedMeasurement type="text/string" name="Environment">
					<Value>#CTEST_RESOURCE_GROUP_COUNT=</Value>
				</NamedMeasurement>
				<Measurement>
					<Value encoding="base64" compression="gzip">eJyNkjtvgzAQgHd+xY1hALVLh0odqlJl6CsiTRdAlUMvrit8RrZJ/37tQFGIxOMm2/f5O591aUMkiINkglYhHLSSkNzmG61+sLQmXzOJOVeKV2jR2POl0WXO/erTX47LMsju+igg7cw34BnTqq9PGzCNsBgHWdRHAetK7VnV5pGOQiuSSI5FGzX1BTyQJg1xVPTuToIM0t0rnKI4T8Qv6ojmQTVkUTuqjbenCQpWVyBNOK78YLIW2vEamRWKxrWX5Kzav+MZD3b6pZ5YpEoF/7bd/0z4emyRdFfPG1tmkS5RvzQv/Kd65ZKpaGGwyrIqDJaNnUWmoy9XbTjVo9MMmlE8LOQa2dxvt4+Jb7e7GAd/+S0WNg==</Value>
				</Measurement>
			</Results>
		</Test>
		<EndDateTime>Dec 07 23:32 ?rodkowoeuropejski czas stand.</EndDateTime>
		<EndTestTime>1638916368</EndTestTime>
		<ElapsedMinutes>0</ElapsedMinutes>
	</Testing>
</Site>
