<?xml version="1.0" encoding="UTF-8"?>
<Site BuildName="(empty)"
	BuildStamp="20211204-1231-Experimental"
	Name="(empty)"
	Generator="ctest-3.21.4"
	CompilerName=""
	CompilerVersion=""
	OSName="Windows"
	Hostname="DESKTOP-B2T0LFS"
	OSRelease=" Professional"
	OSVersion=" (Build 19042)"
	OSPlatform="AMD64"
	Is64Bits="1"
	VendorString="GenuineIntel"
	VendorID="Intel Corporation"
	FamilyID="6"
	ModelID="14"
	ProcessorCacheSize="-1"
	NumberOfLogicalCPU="8"
	NumberOfPhysicalCPU="4"
	TotalVirtualMemory="22928"
	TotalPhysicalMemory="16264"
	LogicalProcessorsPerPhysical="2"
	ProcessorClockFrequency="2400"
	>
	<Testing>
		<StartDateTime>Dec 04 15:13 ?rodkowoeuropejski czas stand.</StartDateTime>
		<StartTestTime>1638627196</StartTestTime>
		<TestList>
			<Test>./test/ExampleTest</Test>
		</TestList>
		<Test Status="passed">
			<Name>ExampleTest</Name>
			<Path>./test</Path>
			<FullName>./test/ExampleTest</FullName>
			<FullCommandLine>D:\Projects\Example\build\test\Debug\ExampleTest.exe</FullCommandLine>
			<Results>
				<NamedMeasurement type="numeric/double" name="Execution Time">
					<Value>0.553779</Value>
				</NamedMeasurement>
				<NamedMeasurement type="numeric/double" name="Processors">
					<Value>1</Value>
				</NamedMeasurement>
				<NamedMeasurement type="text/string" name="Completion Status">
					<Value>Completed</Value>
				</NamedMeasurement>
				<NamedMeasurement type="text/string" name="Command Line">
					<Value>D:\Projects\Example\build\test\Debug\ExampleTest.exe</Value>
				</NamedMeasurement>
				<NamedMeasurement type="text/string" name="Environment">
					<Value>#CTEST_RESOURCE_GROUP_COUNT=</Value>
				</NamedMeasurement>
				<Measurement>
					<Value encoding="base64" compression="gzip">eJyNkDFPwzAQhXf/ihubIRasSAyIVAyIUqUwJREy6WGlsu8q+1z4+SS4qlIkUN/05Pv8Tu/qRDSQBW8GWhTwEdhDddOuA++wl9guv4zfO2wts3UoGGVuY+hbO7m36b/ue9XcntRBfQy/honJ4Ucf0yCoVVOe1MGD43fj8hzpMAQmjzSyKGXa/4LnmVUii0wv44NqoH5dwY+6+UA/8QHjPScSDCOV9fz4DwWLK/CxuGhvZkFYjCvUZb0ETSi3/EnnV/vrWhAM6fM9Y4313WazrKaymdXqG52WlZU=</Value>
				</Measurement>
			</Results>
		</Test>
		<EndDateTime>Dec 04 15:13 ?rodkowoeuropejski czas stand.</EndDateTime>
		<EndTestTime>1638627196</EndTestTime>
		<ElapsedMinutes>0</ElapsedMinutes>
	</Testing>
</Site>
